Using pre-set license
Built from '2021.2/staging' branch; Version is '2021.2.11f1 (e50cafbb4399) revision 15010991'; Using compiler version '192829333'; Build Type 'Release'
OS: 'Windows 10  (10.0.19044) 64bit Professional' Language: 'pt' Physical Memory: 8102 MB
BatchMode: 1, IsHumanControllingUs: 0, StartBugReporterOnCrash: 0, Is64bit: 1, IsPro: 0

COMMAND LINE ARGUMENTS:
C:\Program Files\Unity 2021.2.11f1\Editor\Unity.exe
-adb2
-batchMode
-noUpm
-name
AssetImportWorker5
-projectPath
C:/Users/2014070036/Animacao cutout
-logFile
Logs/AssetImportWorker5.log
-srvPort
56537
Successfully changed project path to: C:/Users/2014070036/Animacao cutout
C:/Users/2014070036/Animacao cutout
[UnityMemory] Configuration Parameters - Can be set up in boot.config
    "memorysetup-bucket-allocator-granularity=16"
    "memorysetup-bucket-allocator-bucket-count=8"
    "memorysetup-bucket-allocator-block-size=33554432"
    "memorysetup-bucket-allocator-block-count=8"
    "memorysetup-main-allocator-block-size=16777216"
    "memorysetup-thread-allocator-block-size=16777216"
    "memorysetup-gfx-main-allocator-block-size=16777216"
    "memorysetup-gfx-thread-allocator-block-size=16777216"
    "memorysetup-cache-allocator-block-size=4194304"
    "memorysetup-typetree-allocator-block-size=2097152"
    "memorysetup-profiler-bucket-allocator-granularity=16"
    "memorysetup-profiler-bucket-allocator-bucket-count=8"
    "memorysetup-profiler-bucket-allocator-block-size=33554432"
    "memorysetup-profiler-bucket-allocator-block-count=8"
    "memorysetup-profiler-allocator-block-size=16777216"
    "memorysetup-profiler-editor-allocator-block-size=1048576"
    "memorysetup-temp-allocator-size-main=16777216"
    "memorysetup-job-temp-allocator-block-size=2097152"
    "memorysetup-job-temp-allocator-block-size-background=1048576"
    "memorysetup-job-temp-allocator-reduction-small-platforms=262144"
    "memorysetup-temp-allocator-size-background-worker=32768"
    "memorysetup-temp-allocator-size-job-worker=262144"
    "memorysetup-temp-allocator-size-preload-manager=33554432"
    "memorysetup-temp-allocator-size-nav-mesh-worker=65536"
    "memorysetup-temp-allocator-size-audio-worker=65536"
    "memorysetup-temp-allocator-size-cloud-worker=32768"
    "memorysetup-temp-allocator-size-gi-baking-worker=262144"
    "memorysetup-temp-allocator-size-gfx=262144"
Refreshing native plugins compatible for Editor in 140.98 ms, found 4 plugins.
Preloading 0 native plugins for Editor in 0.00 ms.
Initialize engine version: 2021.2.11f1 (e50cafbb4399)
[Subsystems] Discovering subsystems at path C:/Program Files/Unity 2021.2.11f1/Editor/Data/Resources/UnitySubsystems
[Subsystems] Discovering subsystems at path C:/Users/2014070036/Animacao cutout/Assets
GfxDevice: creating device client; threaded=0; jobified=0
Direct3D:
    Version:  Direct3D 11.0 [level 11.1]
    Renderer: Intel(R) HD Graphics 530 (ID=0x1912)
    Vendor:   Intel
    VRAM:     4051 MB
    Driver:   24.20.100.6286
Initialize mono
Mono path[0] = 'C:/Program Files/Unity 2021.2.11f1/Editor/Data/Managed'
Mono path[1] = 'C:/Program Files/Unity 2021.2.11f1/Editor/Data/MonoBleedingEdge/lib/mono/unityjit-win32'
Mono config path = 'C:/Program Files/Unity 2021.2.11f1/Editor/Data/MonoBleedingEdge/etc'
Using monoOptions --debugger-agent=transport=dt_socket,embedding=1,server=y,suspend=n,address=127.0.0.1:56392
Begin MonoManager ReloadAssembly
Registering precompiled unity dll's ...
Register platform support module: C:/Program Files/Unity 2021.2.11f1/Editor/Data/PlaybackEngines/WindowsStandaloneSupport/UnityEditor.WindowsStandalone.Extensions.dll
Registered in 0.008134 seconds.
Native extension for WindowsStandalone target not found
Refreshing native plugins compatible for Editor in 114.37 ms, found 4 plugins.
Preloading 0 native plugins for Editor in 0.00 ms.
Mono: successfully reloaded assembly
- Completed reload, in  0.857 seconds
Domain Reload Profiling:
	ReloadAssembly (858ms)
		BeginReloadAssembly (168ms)
			ExecutionOrderSort (0ms)
			DisableScriptedObjects (0ms)
			BackupInstance (0ms)
			ReleaseScriptingObjects (0ms)
			CreateAndSetChildDomain (1ms)
		EndReloadAssembly (587ms)
			LoadAssemblies (166ms)
			RebuildTransferFunctionScriptingTraits (0ms)
			SetupTypeCache (130ms)
			ReleaseScriptCaches (0ms)
			RebuildScriptCaches (36ms)
			SetupLoadedEditorAssemblies (354ms)
				LogAssemblyErrors (0ms)
				InitializePlatformSupportModulesInManaged (22ms)
				SetLoadedEditorAssemblies (0ms)
				RefreshPlugins (114ms)
				BeforeProcessingInitializeOnLoad (2ms)
				ProcessInitializeOnLoadAttributes (158ms)
				ProcessInitializeOnLoadMethodAttributes (58ms)
				AfterProcessingInitializeOnLoad (0ms)
				EditorAssembliesLoaded (0ms)
			ExecutionOrderSort2 (0ms)
			AwakeInstancesAfterBackupRestoration (0ms)
Platform modules already initialized, skipping
Registering precompiled user dll's ...
Registered in 0.029072 seconds.
Begin MonoManager ReloadAssembly
Symbol file LoadedFromMemory doesn't match image C:\Users\2014070036\Animacao cutout\Library\PackageCache\com.unity.visualscripting@1.7.6\Editor\VisualScripting.Core\Dependencies\YamlDotNet\Unity.VisualScripting.YamlDotNet.dll
Symbol file LoadedFromMemory doesn't match image C:\Users\2014070036\Animacao cutout\Library\PackageCache\com.unity.visualscripting@1.7.6\Editor\VisualScripting.Core\Dependencies\DotNetZip\Unity.VisualScripting.IonicZip.dll
Native extension for WindowsStandalone target not found
Refreshing native plugins compatible for Editor in 113.48 ms, found 4 plugins.
Preloading 0 native plugins for Editor in 0.00 ms.
Mono: successfully reloaded assembly
- Completed reload, in  6.417 seconds
Domain Reload Profiling:
	ReloadAssembly (6418ms)
		BeginReloadAssembly (195ms)
			ExecutionOrderSort (0ms)
			DisableScriptedObjects (7ms)
			BackupInstance (0ms)
			ReleaseScriptingObjects (0ms)
			CreateAndSetChildDomain (24ms)
		EndReloadAssembly (6088ms)
			LoadAssemblies (4346ms)
			RebuildTransferFunctionScriptingTraits (0ms)
			SetupTypeCache (323ms)
			ReleaseScriptCaches (1ms)
			RebuildScriptCaches (64ms)
			SetupLoadedEditorAssemblies (1348ms)
				LogAssemblyErrors (0ms)
				InitializePlatformSupportModulesInManaged (15ms)
				SetLoadedEditorAssemblies (0ms)
				RefreshPlugins (114ms)
				BeforeProcessingInitializeOnLoad (119ms)
				ProcessInitializeOnLoadAttributes (992ms)
				ProcessInitializeOnLoadMethodAttributes (97ms)
				AfterProcessingInitializeOnLoad (10ms)
				EditorAssembliesLoaded (0ms)
			ExecutionOrderSort2 (0ms)
			AwakeInstancesAfterBackupRestoration (9ms)
Platform modules already initialized, skipping
========================================================================
Worker process is ready to serve import requests
Launched and connected shader compiler UnityShaderCompiler.exe after 0.45 seconds
Refreshing native plugins compatible for Editor in 0.70 ms, found 4 plugins.
Preloading 0 native plugins for Editor in 0.00 ms.
Unloading 3906 Unused Serialized files (Serialized files now loaded: 0)
Unloading 43 unused Assets / (225.2 KB). Loaded Objects now: 4355.
Memory consumption went from 146.8 MB to 146.6 MB.
Total: 4.708400 ms (FindLiveObjects: 0.335600 ms CreateObjectMapping: 0.228600 ms MarkObjects: 3.970700 ms  DeleteObjects: 0.157400 ms)

AssetImportParameters requested are different than current active one (requested -> active):
  custom:video-decoder-ogg-theora: a1e56fd34408186e4bbccfd4996cb3dc -> 
  custom:container-muxer-webm: aa71ff27fc2769a1b78a27578f13a17b -> 
  custom:container-demuxer-webm: 4f35f7cbe854078d1ac9338744f61a02 -> 
  custom:video-encoder-webm-vp8: eb34c28f22e8b96e1ab97ce403110664 -> 
  custom:audio-encoder-webm-vorbis: bf7c407c2cedff20999df2af8eb42d56 -> 
  custom:framework-win-MediaFoundation: 216162199b28c13a410421893ffa2e32 -> 
  custom:container-demuxer-ogg: 62fdf1f143b41e24485cea50d1cbac27 -> 
  custom:video-decoder-webm-vp8: 9c59270c3fd7afecdb556c50c9e8de78 -> 
  custom:audio-decoder-ogg-vorbis: bf7c407c2cedff20999df2af8eb42d56 -> 
========================================================================
Received Import Request.
  Time since last request: 4771.314717 seconds.
  path: Assets/Prancheta 1.png
  artifactKey: Guid(860c1dbbaaf6c734c84bacdc546e42db) Importer(815301076,1909f56bfc062723c751e8b465ee728b)
Start importing Assets/Prancheta 1.png using Guid(860c1dbbaaf6c734c84bacdc546e42db) Importer(815301076,1909f56bfc062723c751e8b465ee728b)  -> (artifact id: 'aafe5eb3c74b35a283bb1d801c7bdfa0') in 0.712682 seconds 
========================================================================
Received Import Request.
  Time since last request: 383.600944 seconds.
  path: Assets/Prancheta 1.png
  artifactKey: Guid(860c1dbbaaf6c734c84bacdc546e42db) Importer(815301076,1909f56bfc062723c751e8b465ee728b)
Start importing Assets/Prancheta 1.png using Guid(860c1dbbaaf6c734c84bacdc546e42db) Importer(815301076,1909f56bfc062723c751e8b465ee728b)  -> (artifact id: '52836a9efc4b8137edfe360c68a81bfe') in 0.195786 seconds 
========================================================================
Received Import Request.
  Time since last request: 1590.282623 seconds.
  path: Assets/Prancheta 1.png
  artifactKey: Guid(860c1dbbaaf6c734c84bacdc546e42db) Importer(815301076,1909f56bfc062723c751e8b465ee728b)
Start importing Assets/Prancheta 1.png using Guid(860c1dbbaaf6c734c84bacdc546e42db) Importer(815301076,1909f56bfc062723c751e8b465ee728b)  -> (artifact id: '5fd8d052620b2c0d5ec9a118bded72b9') in 0.251958 seconds 
========================================================================
Received Import Request.
  Time since last request: 938.196933 seconds.
  path: Assets/Prancheta 1.png
  artifactKey: Guid(860c1dbbaaf6c734c84bacdc546e42db) Importer(815301076,1909f56bfc062723c751e8b465ee728b)
Start importing Assets/Prancheta 1.png using Guid(860c1dbbaaf6c734c84bacdc546e42db) Importer(815301076,1909f56bfc062723c751e8b465ee728b)  -> (artifact id: 'e78731d684725449adbfd616f971d8fd') in 0.187978 seconds 
========================================================================
Received Import Request.
  Time since last request: 119.024093 seconds.
  path: Assets/Prancheta 1.png
  artifactKey: Guid(860c1dbbaaf6c734c84bacdc546e42db) Importer(815301076,1909f56bfc062723c751e8b465ee728b)
Start importing Assets/Prancheta 1.png using Guid(860c1dbbaaf6c734c84bacdc546e42db) Importer(815301076,1909f56bfc062723c751e8b465ee728b)  -> (artifact id: '9aaf1dfc60cbf5fe4f44f1ae1fb08a30') in 0.302886 seconds 
========================================================================
Received Import Request.
  Time since last request: 29.387016 seconds.
  path: Assets/Prancheta 1.png
  artifactKey: Guid(860c1dbbaaf6c734c84bacdc546e42db) Importer(815301076,1909f56bfc062723c751e8b465ee728b)
Start importing Assets/Prancheta 1.png using Guid(860c1dbbaaf6c734c84bacdc546e42db) Importer(815301076,1909f56bfc062723c751e8b465ee728b)  -> (artifact id: 'fdfd6f50cc94086d340f671d01d88b3b') in 0.254466 seconds 
========================================================================
Received Import Request.
  Time since last request: 200.458060 seconds.
  path: Assets/Prancheta 1.png
  artifactKey: Guid(860c1dbbaaf6c734c84bacdc546e42db) Importer(815301076,1909f56bfc062723c751e8b465ee728b)
Start importing Assets/Prancheta 1.png using Guid(860c1dbbaaf6c734c84bacdc546e42db) Importer(815301076,1909f56bfc062723c751e8b465ee728b)  -> (artifact id: 'd3d7d316859fe23aeedc1e8cb21d8ce3') in 0.239587 seconds 
========================================================================
Received Import Request.
  Time since last request: 214.091266 seconds.
  path: Assets/Prancheta 1 (1).png
  artifactKey: Guid(1d4fbdd24d5bcf24a832bdf02dc9e075) Importer(815301076,1909f56bfc062723c751e8b465ee728b)
Start importing Assets/Prancheta 1 (1).png using Guid(1d4fbdd24d5bcf24a832bdf02dc9e075) Importer(815301076,1909f56bfc062723c751e8b465ee728b)  -> (artifact id: '46c8d70190ab6142d3b0031df950c09c') in 0.342060 seconds 
========================================================================
Received Import Request.
  Time since last request: 336.681838 seconds.
  path: Assets/Prancheta 1 (1).png
  artifactKey: Guid(1d4fbdd24d5bcf24a832bdf02dc9e075) Importer(815301076,1909f56bfc062723c751e8b465ee728b)
Start importing Assets/Prancheta 1 (1).png using Guid(1d4fbdd24d5bcf24a832bdf02dc9e075) Importer(815301076,1909f56bfc062723c751e8b465ee728b)  -> (artifact id: '5bbeae84649c546645d29d0ee0179732') in 0.278929 seconds 
